c:\users\adik1\c++\sfml\asteroids\asteroids\x64\debug\vc143.pdb
c:\users\adik1\c++\sfml\asteroids\asteroids\x64\debug\vc143.idb
c:\users\adik1\c++\sfml\asteroids\asteroids\x64\debug\background.nativecodeanalysis.sarif
c:\users\adik1\c++\sfml\asteroids\asteroids\x64\debug\background.nativecodeanalysis.xml
c:\users\adik1\c++\sfml\asteroids\asteroids\x64\debug\entity.nativecodeanalysis.sarif
c:\users\adik1\c++\sfml\asteroids\asteroids\x64\debug\entity.nativecodeanalysis.xml
c:\users\adik1\c++\sfml\asteroids\asteroids\x64\debug\entitymanager.nativecodeanalysis.sarif
c:\users\adik1\c++\sfml\asteroids\asteroids\x64\debug\entitymanager.nativecodeanalysis.xml
c:\users\adik1\c++\sfml\asteroids\asteroids\x64\debug\game.nativecodeanalysis.sarif
c:\users\adik1\c++\sfml\asteroids\asteroids\x64\debug\game.nativecodeanalysis.xml
c:\users\adik1\c++\sfml\asteroids\asteroids\x64\debug\healthbar.nativecodeanalysis.sarif
c:\users\adik1\c++\sfml\asteroids\asteroids\x64\debug\healthbar.nativecodeanalysis.xml
c:\users\adik1\c++\sfml\asteroids\asteroids\x64\debug\interaction.nativecodeanalysis.sarif
c:\users\adik1\c++\sfml\asteroids\asteroids\x64\debug\interaction.nativecodeanalysis.xml
c:\users\adik1\c++\sfml\asteroids\asteroids\x64\debug\item.nativecodeanalysis.sarif
c:\users\adik1\c++\sfml\asteroids\asteroids\x64\debug\item.nativecodeanalysis.xml
c:\users\adik1\c++\sfml\asteroids\asteroids\x64\debug\main.nativecodeanalysis.sarif
c:\users\adik1\c++\sfml\asteroids\asteroids\x64\debug\main.nativecodeanalysis.xml
c:\users\adik1\c++\sfml\asteroids\asteroids\x64\debug\meteor.nativecodeanalysis.sarif
c:\users\adik1\c++\sfml\asteroids\asteroids\x64\debug\meteor.nativecodeanalysis.xml
c:\users\adik1\c++\sfml\asteroids\asteroids\x64\debug\movement.nativecodeanalysis.sarif
c:\users\adik1\c++\sfml\asteroids\asteroids\x64\debug\movement.nativecodeanalysis.xml
c:\users\adik1\c++\sfml\asteroids\asteroids\x64\debug\player.nativecodeanalysis.sarif
c:\users\adik1\c++\sfml\asteroids\asteroids\x64\debug\player.nativecodeanalysis.xml
c:\users\adik1\c++\sfml\asteroids\asteroids\x64\debug\player.obj
c:\users\adik1\c++\sfml\asteroids\asteroids\x64\debug\movement.obj
c:\users\adik1\c++\sfml\asteroids\asteroids\x64\debug\meteor.obj
c:\users\adik1\c++\sfml\asteroids\asteroids\x64\debug\main.obj
c:\users\adik1\c++\sfml\asteroids\asteroids\x64\debug\item.obj
c:\users\adik1\c++\sfml\asteroids\asteroids\x64\debug\interaction.obj
c:\users\adik1\c++\sfml\asteroids\asteroids\x64\debug\healthbar.obj
c:\users\adik1\c++\sfml\asteroids\asteroids\x64\debug\game.obj
c:\users\adik1\c++\sfml\asteroids\asteroids\x64\debug\entitymanager.obj
c:\users\adik1\c++\sfml\asteroids\asteroids\x64\debug\entity.obj
c:\users\adik1\c++\sfml\asteroids\asteroids\x64\debug\background.obj
c:\users\adik1\c++\sfml\asteroids\x64\debug\asteroids.exe
c:\users\adik1\c++\sfml\asteroids\x64\debug\asteroids.pdb
c:\users\adik1\c++\sfml\asteroids\asteroids\x64\debug\asteroids.ilk
c:\users\adik1\c++\sfml\asteroids\asteroids\x64\debug\vc.nativecodeanalysis.all.xml
c:\users\adik1\c++\sfml\asteroids\asteroids\x64\debug\asteroids.tlog\cl.command.1.tlog
c:\users\adik1\c++\sfml\asteroids\asteroids\x64\debug\asteroids.tlog\cl.items.tlog
c:\users\adik1\c++\sfml\asteroids\asteroids\x64\debug\asteroids.tlog\cl.read.1.tlog
c:\users\adik1\c++\sfml\asteroids\asteroids\x64\debug\asteroids.tlog\cl.write.1.tlog
c:\users\adik1\c++\sfml\asteroids\asteroids\x64\debug\asteroids.tlog\link.command.1.tlog
c:\users\adik1\c++\sfml\asteroids\asteroids\x64\debug\asteroids.tlog\link.read.1.tlog
c:\users\adik1\c++\sfml\asteroids\asteroids\x64\debug\asteroids.tlog\link.secondary.1.tlog
c:\users\adik1\c++\sfml\asteroids\asteroids\x64\debug\asteroids.tlog\link.write.1.tlog
